Configuring markup-0.0.1...
Building markup-0.0.1...
Preprocessing library markup-0.0.1...
[2 of 4] Compiling Data.Markup.Class ( src/Data/Markup/Class.hs, dist/dist-sandbox-eb3427e6/build/Data/Markup/Class.o )

src/Data/Markup/Class.hs:12:1: Warning:
    The import of ‘Lucid’ is redundant
      except perhaps to import instances from ‘Lucid’
    To import instances alone, use: import Lucid()

src/Data/Markup/Class.hs:13:1: Warning:
    The import of ‘Data.Monoid’ is redundant
      except perhaps to import instances from ‘Data.Monoid’
    To import instances alone, use: import Data.Monoid()

src/Data/Markup/Class.hs:14:1: Warning:
    The qualified import of ‘Data.Text’ is redundant
      except perhaps to import instances from ‘Data.Text’
    To import instances alone, use: import Data.Text()
[4 of 4] Compiling Data.Markup      ( src/Data/Markup.hs, dist/dist-sandbox-eb3427e6/build/Data/Markup.o ) [Data.Markup.Class changed]
In-place registering markup-0.0.1...
Creating package registration file: /tmp/pkgConf-markup-0.015161.1
Installing library in
/home/athan/dev/markup-0.0.1/.cabal-sandbox/lib/x86_64-linux-ghc-7.8.3/markup-0.0.1
Registering markup-0.0.1...
